<?xml version="1.0" encoding="UTF-8"?>
<!-- Generated by org.testng.reporters.JUnitReportReporter -->
<testsuite skipped="0" hostname="DESKTOP-BN396F1" name="helloworld_Suraj.TestHelloWorld" tests="1" failures="0" timestamp="2020-10-10T01:59:29 GST" time="0.013" errors="0">
  <testcase name="testHelloWorld" time="0.013" classname="helloworld_Suraj.TestHelloWorld"/>
  <system-out/>
</testsuite> <!-- helloworld_Suraj.TestHelloWorld -->
